Base path: C:/Program Files/Unity/Editor/Data
Pipe name: \\.\pipe\UnityShaderCompiler-64bit-4-1284
Cmd: getPlatforms
Cmd: compileSnippet
  api=8 type=1 insize=3545 outsize=6126 kw= pd=UNITY_NO_SCREENSPACE_SHADOWS UNITY_NO_LINEAR_COLORSPACE ok=1
Cmd: compileSnippet
  api=5 type=0 insize=3550 outsize=4440 kw= pd=UNITY_NO_DXT5nm UNITY_NO_RGBM UNITY_NO_SCREENSPACE_SHADOWS UNITY_NO_LINEAR_COLORSPACE ok=1
Cmd: compileSnippet
  error: 2 plat 1 at (66): invalid ps_2_0 input semantic 'NORMAL'\nCompiling Fragment program
  api=1 type=1 insize=3550 outsize=0 kw= pd= ok=0
Cmd: compileSnippet
  error: 2 plat 1 at (195): invalid vs_2_0 output semantic 'NORMAL'\nCompiling Vertex program
  api=1 type=0 insize=3545 outsize=0 kw= pd= ok=0
Cmd: compileSnippet
  api=14 type=0 insize=3545 outsize=2182 kw= pd= ok=1
Cmd: compileSnippet
  api=15 type=0 insize=3545 outsize=9588 kw= pd= ok=1
Cmd: compileSnippet
  error: 2 plat 1 at (195): invalid ps_2_0 input semantic 'NORMAL'\nCompiling Fragment program
  api=1 type=1 insize=3545 outsize=0 kw= pd= ok=0
Cmd: compileSnippet
  error: 2 plat 1 at (50): invalid vs_2_0 output semantic 'NORMAL'\nCompiling Vertex program
  api=1 type=0 insize=2248 outsize=0 kw= pd= ok=0
Cmd: compileSnippet
  api=9 type=0 insize=2248 outsize=8195 kw= pd=UNITY_NO_DXT5nm UNITY_NO_RGBM UNITY_NO_SCREENSPACE_SHADOWS UNITY_NO_LINEAR_COLORSPACE ok=1
Cmd: compileSnippet
  api=8 type=1 insize=2248 outsize=3786 kw= pd=UNITY_NO_SCREENSPACE_SHADOWS UNITY_NO_LINEAR_COLORSPACE ok=1
Unhandled exception: Readfile from pipe failed. GLE=The pipe has been ended.


Quitting shader compiler process
